<?xml version="1.0" encoding="UTF-8"?>
<!-- Generated by org.testng.reporters.JUnitReportReporter -->
<testsuite hostname="QT-INBG-LT0282" failures="0" tests="1" name="automationproject.launch" time="113.396" errors="0" timestamp="2022-08-02T17:08:43 IST" skipped="0">
  <testcase classname="automationproject.launch" name="Lanching_the_Browser" time="113.396"/>
  <system-out/>
</testsuite> <!-- automationproject.launch -->
